build/outputs/logs/manifest-merger-debug-report.txt
-- Merging decision tree log ---
manifest
ADDED from AerTrip/ResideMenu/AndroidManifest.xml:2:1-7:12
INJECTED from AerTrip/ResideMenu/AndroidManifest.xml:2:1-7:12
INJECTED from AerTrip/ResideMenu/AndroidManifest.xml:2:1-7:12
INJECTED from AerTrip/ResideMenu/AndroidManifest.xml:2:1-7:12
INJECTED from AerTrip/ResideMenu/AndroidManifest.xml:2:1-7:12
INJECTED from AerTrip/ResideMenu/AndroidManifest.xml:2:1-7:12
INJECTED from AerTrip/ResideMenu/AndroidManifest.xml:2:1-7:12
	package
		ADDED from AerTrip/ResideMenu/AndroidManifest.xml:3:11-43
		INJECTED from AerTrip/ResideMenu/AndroidManifest.xml
		INJECTED from AerTrip/ResideMenu/AndroidManifest.xml
	android:versionName
		ADDED from AerTrip/ResideMenu/AndroidManifest.xml:5:11-36
		INJECTED from AerTrip/ResideMenu/AndroidManifest.xml
		INJECTED from AerTrip/ResideMenu/AndroidManifest.xml
	xmlns:android
		ADDED from AerTrip/ResideMenu/AndroidManifest.xml:2:11-69
	android:versionCode
		ADDED from AerTrip/ResideMenu/AndroidManifest.xml:4:11-34
		INJECTED from AerTrip/ResideMenu/AndroidManifest.xml
		INJECTED from AerTrip/ResideMenu/AndroidManifest.xml
uses-sdk
INJECTED from AerTrip/ResideMenu/AndroidManifest.xml reason: use-sdk injection requested
INJECTED from AerTrip/ResideMenu/AndroidManifest.xml
INJECTED from AerTrip/ResideMenu/AndroidManifest.xml
	android:minSdkVersion
		INJECTED from AerTrip/ResideMenu/AndroidManifest.xml
		ADDED from AerTrip/ResideMenu/AndroidManifest.xml
		INJECTED from AerTrip/ResideMenu/AndroidManifest.xml